running develop
running egg_info
creating tello_description.egg-info
writing tello_description.egg-info/PKG-INFO
writing dependency_links to tello_description.egg-info/dependency_links.txt
writing requirements to tello_description.egg-info/requires.txt
writing top-level names to tello_description.egg-info/top_level.txt
writing manifest file 'tello_description.egg-info/SOURCES.txt'
reading manifest file 'tello_description.egg-info/SOURCES.txt'
writing manifest file 'tello_description.egg-info/SOURCES.txt'
running build_ext
Creating /home/yankee/tello_ws/install/tello_description/lib/python3.8/site-packages/site.py
Creating /home/yankee/tello_ws/install/tello_description/lib/python3.8/site-packages/tello-description.egg-link (link to .)

Installed /home/yankee/tello_ws/build/tello_description
running symlink_data
creating /home/yankee/tello_ws/install/tello_description/share/ament_index
creating /home/yankee/tello_ws/install/tello_description/share/ament_index/resource_index
creating /home/yankee/tello_ws/install/tello_description/share/ament_index/resource_index/packages
symbolically linking /home/yankee/tello_ws/build/tello_description/resource/tello_description -> /home/yankee/tello_ws/install/tello_description/share/ament_index/resource_index/packages
symbolically linking /home/yankee/tello_ws/build/tello_description/package.xml -> /home/yankee/tello_ws/install/tello_description/share/tello_description
creating /home/yankee/tello_ws/install/tello_description/share/tello_description/models
creating /home/yankee/tello_ws/install/tello_description/share/tello_description/models/tello
symbolically linking /home/yankee/tello_ws/build/tello_description/models/tello/model.sdf -> /home/yankee/tello_ws/install/tello_description/share/tello_description/models/tello
symbolically linking /home/yankee/tello_ws/build/tello_description/models/tello/model.config -> /home/yankee/tello_ws/install/tello_description/share/tello_description/models/tello
