[0.227s] DEBUG:colcon:Command line arguments: ['/usr/bin/colcon', 'build', '--symlink-install']
[0.227s] DEBUG:colcon:Parsed command line arguments: Namespace(allow_overriding=[], ament_cmake_args=None, base_paths=['.'], build_base='build', catkin_cmake_args=None, catkin_skip_building_tests=False, cmake_args=None, cmake_clean_cache=False, cmake_clean_first=False, cmake_force_configure=False, cmake_target=None, cmake_target_skip_unavailable=False, continue_on_error=False, event_handlers=None, executor='parallel', ignore_user_meta=False, install_base='install', log_base=None, log_level=None, main=<bound method BuildVerb.main of <colcon_core.verb.build.BuildVerb object at 0x7fb28a3babe0>>, merge_install=False, metas=['./colcon.meta'], mixin=None, mixin_files=None, mixin_verb=('build',), packages_above=None, packages_above_and_dependencies=None, packages_above_depth=None, packages_end=None, packages_ignore=None, packages_ignore_regex=None, packages_select=None, packages_select_build_failed=False, packages_select_by_dep=None, packages_select_regex=None, packages_select_test_failures=False, packages_skip=None, packages_skip_build_finished=False, packages_skip_by_dep=None, packages_skip_regex=None, packages_skip_test_passed=False, packages_skip_up_to=None, packages_start=None, packages_up_to=None, packages_up_to_regex=None, parallel_workers=8, paths=None, symlink_install=True, test_result_base=None, verb_extension=<colcon_core.verb.build.BuildVerb object at 0x7fb28a3babe0>, verb_name='build', verb_parser=<colcon_mixin.mixin.mixin_argument.MixinArgumentDecorator object at 0x7fb28a3c8100>)
[0.390s] Level 1:colcon.colcon_core.package_discovery:discover_packages(colcon_meta) check parameters
[0.391s] Level 1:colcon.colcon_core.package_discovery:discover_packages(recursive) check parameters
[0.391s] Level 1:colcon.colcon_core.package_discovery:discover_packages(ignore) check parameters
[0.391s] Level 1:colcon.colcon_core.package_discovery:discover_packages(path) check parameters
[0.391s] Level 1:colcon.colcon_core.package_discovery:discover_packages(colcon_meta) discover
[0.391s] Level 1:colcon.colcon_core.package_discovery:discover_packages(recursive) discover
[0.391s] INFO:colcon.colcon_core.package_discovery:Crawling recursively for packages in '/home/yankee/tello_ws'
[0.391s] Level 1:colcon.colcon_core.package_identification:_identify(.) by extensions ['ignore', 'ignore_ament_install']
[0.391s] Level 1:colcon.colcon_core.package_identification:_identify(.) by extension 'ignore'
[0.391s] Level 1:colcon.colcon_core.package_identification:_identify(.) by extension 'ignore_ament_install'
[0.391s] Level 1:colcon.colcon_core.package_identification:_identify(.) by extensions ['colcon_pkg']
[0.391s] Level 1:colcon.colcon_core.package_identification:_identify(.) by extension 'colcon_pkg'
[0.391s] Level 1:colcon.colcon_core.package_identification:_identify(.) by extensions ['colcon_meta']
[0.391s] Level 1:colcon.colcon_core.package_identification:_identify(.) by extension 'colcon_meta'
[0.391s] Level 1:colcon.colcon_core.package_identification:_identify(.) by extensions ['ros']
[0.391s] Level 1:colcon.colcon_core.package_identification:_identify(.) by extension 'ros'
[0.403s] Level 1:colcon.colcon_core.package_identification:_identify(.) by extensions ['cmake', 'python']
[0.403s] Level 1:colcon.colcon_core.package_identification:_identify(.) by extension 'cmake'
[0.404s] Level 1:colcon.colcon_core.package_identification:_identify(.) by extension 'python'
[0.404s] Level 1:colcon.colcon_core.package_identification:_identify(.) by extensions ['python_setup_py']
[0.404s] Level 1:colcon.colcon_core.package_identification:_identify(.) by extension 'python_setup_py'
[0.404s] Level 1:colcon.colcon_core.package_identification:_identify(build) by extensions ['ignore', 'ignore_ament_install']
[0.404s] Level 1:colcon.colcon_core.package_identification:_identify(build) by extension 'ignore'
[0.404s] Level 1:colcon.colcon_core.package_identification:_identify(build) ignored
[0.404s] Level 1:colcon.colcon_core.package_identification:_identify(install) by extensions ['ignore', 'ignore_ament_install']
[0.404s] Level 1:colcon.colcon_core.package_identification:_identify(install) by extension 'ignore'
[0.404s] Level 1:colcon.colcon_core.package_identification:_identify(install) ignored
[0.404s] Level 1:colcon.colcon_core.package_identification:_identify(log) by extensions ['ignore', 'ignore_ament_install']
[0.404s] Level 1:colcon.colcon_core.package_identification:_identify(log) by extension 'ignore'
[0.404s] Level 1:colcon.colcon_core.package_identification:_identify(log) ignored
[0.405s] Level 1:colcon.colcon_core.package_identification:_identify(src) by extensions ['ignore', 'ignore_ament_install']
[0.405s] Level 1:colcon.colcon_core.package_identification:_identify(src) by extension 'ignore'
[0.405s] Level 1:colcon.colcon_core.package_identification:_identify(src) by extension 'ignore_ament_install'
[0.405s] Level 1:colcon.colcon_core.package_identification:_identify(src) by extensions ['colcon_pkg']
[0.405s] Level 1:colcon.colcon_core.package_identification:_identify(src) by extension 'colcon_pkg'
[0.405s] Level 1:colcon.colcon_core.package_identification:_identify(src) by extensions ['colcon_meta']
[0.405s] Level 1:colcon.colcon_core.package_identification:_identify(src) by extension 'colcon_meta'
[0.405s] Level 1:colcon.colcon_core.package_identification:_identify(src) by extensions ['ros']
[0.405s] Level 1:colcon.colcon_core.package_identification:_identify(src) by extension 'ros'
[0.405s] Level 1:colcon.colcon_core.package_identification:_identify(src) by extensions ['cmake', 'python']
[0.405s] Level 1:colcon.colcon_core.package_identification:_identify(src) by extension 'cmake'
[0.405s] Level 1:colcon.colcon_core.package_identification:_identify(src) by extension 'python'
[0.405s] Level 1:colcon.colcon_core.package_identification:_identify(src) by extensions ['python_setup_py']
[0.405s] Level 1:colcon.colcon_core.package_identification:_identify(src) by extension 'python_setup_py'
[0.405s] Level 1:colcon.colcon_core.package_identification:_identify(src/tello_controller) by extensions ['ignore', 'ignore_ament_install']
[0.405s] Level 1:colcon.colcon_core.package_identification:_identify(src/tello_controller) by extension 'ignore'
[0.405s] Level 1:colcon.colcon_core.package_identification:_identify(src/tello_controller) by extension 'ignore_ament_install'
[0.405s] Level 1:colcon.colcon_core.package_identification:_identify(src/tello_controller) by extensions ['colcon_pkg']
[0.405s] Level 1:colcon.colcon_core.package_identification:_identify(src/tello_controller) by extension 'colcon_pkg'
[0.405s] Level 1:colcon.colcon_core.package_identification:_identify(src/tello_controller) by extensions ['colcon_meta']
[0.406s] Level 1:colcon.colcon_core.package_identification:_identify(src/tello_controller) by extension 'colcon_meta'
[0.406s] Level 1:colcon.colcon_core.package_identification:_identify(src/tello_controller) by extensions ['ros']
[0.406s] Level 1:colcon.colcon_core.package_identification:_identify(src/tello_controller) by extension 'ros'
[0.409s] DEBUG:colcon.colcon_core.package_identification:Package 'src/tello_controller' with type 'ros.ament_python' and name 'tello_controller'
[0.409s] Level 1:colcon.colcon_core.package_identification:_identify(src/tello_description) by extensions ['ignore', 'ignore_ament_install']
[0.409s] Level 1:colcon.colcon_core.package_identification:_identify(src/tello_description) by extension 'ignore'
[0.409s] Level 1:colcon.colcon_core.package_identification:_identify(src/tello_description) by extension 'ignore_ament_install'
[0.409s] Level 1:colcon.colcon_core.package_identification:_identify(src/tello_description) by extensions ['colcon_pkg']
[0.409s] Level 1:colcon.colcon_core.package_identification:_identify(src/tello_description) by extension 'colcon_pkg'
[0.409s] Level 1:colcon.colcon_core.package_identification:_identify(src/tello_description) by extensions ['colcon_meta']
[0.409s] Level 1:colcon.colcon_core.package_identification:_identify(src/tello_description) by extension 'colcon_meta'
[0.409s] Level 1:colcon.colcon_core.package_identification:_identify(src/tello_description) by extensions ['ros']
[0.409s] Level 1:colcon.colcon_core.package_identification:_identify(src/tello_description) by extension 'ros'
[0.410s] DEBUG:colcon.colcon_core.package_identification:Package 'src/tello_description' with type 'ros.ament_python' and name 'tello_description'
[0.410s] Level 1:colcon.colcon_core.package_discovery:discover_packages(recursive) using defaults
[0.410s] Level 1:colcon.colcon_core.package_discovery:discover_packages(ignore) discover
[0.410s] Level 1:colcon.colcon_core.package_discovery:discover_packages(ignore) using defaults
[0.410s] Level 1:colcon.colcon_core.package_discovery:discover_packages(path) discover
[0.410s] Level 1:colcon.colcon_core.package_discovery:discover_packages(path) using defaults
[0.426s] Level 1:colcon.colcon_core.package_discovery:discover_packages(prefix_path) check parameters
[0.426s] Level 1:colcon.colcon_core.package_discovery:discover_packages(prefix_path) discover
[0.427s] WARNING:colcon.colcon_ros.prefix_path.ament:The path '/home/yankee/tello_ws/install/tello_description' in the environment variable AMENT_PREFIX_PATH doesn't exist
[0.427s] WARNING:colcon.colcon_ros.prefix_path.ament:The path '/home/yankee/tello_ws/install/tello_controller' in the environment variable AMENT_PREFIX_PATH doesn't exist
[0.427s] WARNING:colcon.colcon_ros.prefix_path.ament:The path '/home/yankee/tello_ws/install/tello_ign' in the environment variable AMENT_PREFIX_PATH doesn't exist
[0.427s] WARNING:colcon.colcon_ros.prefix_path.ament:The path '/home/yankee/tello_ws/install/tello_control' in the environment variable AMENT_PREFIX_PATH doesn't exist
[0.427s] WARNING:colcon.colcon_ros.prefix_path.catkin:The path '/home/yankee/tello_ws/install/tello_ign' in the environment variable CMAKE_PREFIX_PATH doesn't exist
[0.428s] DEBUG:colcon.colcon_installed_package_information.package_discovery:Found 0 installed packages in /home/yankee/tello_ws/install
[0.429s] DEBUG:colcon.colcon_installed_package_information.package_discovery:Found 278 installed packages in /opt/ros/foxy
[0.448s] Level 1:colcon.colcon_core.package_discovery:discover_packages(prefix_path) using defaults
[0.518s] Level 5:colcon.colcon_core.verb:set package 'tello_controller' build argument 'cmake_args' from command line to 'None'
[0.519s] Level 5:colcon.colcon_core.verb:set package 'tello_controller' build argument 'cmake_target' from command line to 'None'
[0.519s] Level 5:colcon.colcon_core.verb:set package 'tello_controller' build argument 'cmake_target_skip_unavailable' from command line to 'False'
[0.519s] Level 5:colcon.colcon_core.verb:set package 'tello_controller' build argument 'cmake_clean_cache' from command line to 'False'
[0.519s] Level 5:colcon.colcon_core.verb:set package 'tello_controller' build argument 'cmake_clean_first' from command line to 'False'
[0.519s] Level 5:colcon.colcon_core.verb:set package 'tello_controller' build argument 'cmake_force_configure' from command line to 'False'
[0.519s] Level 5:colcon.colcon_core.verb:set package 'tello_controller' build argument 'ament_cmake_args' from command line to 'None'
[0.519s] Level 5:colcon.colcon_core.verb:set package 'tello_controller' build argument 'catkin_cmake_args' from command line to 'None'
[0.519s] Level 5:colcon.colcon_core.verb:set package 'tello_controller' build argument 'catkin_skip_building_tests' from command line to 'False'
[0.519s] DEBUG:colcon.colcon_core.verb:Building package 'tello_controller' with the following arguments: {'ament_cmake_args': None, 'build_base': '/home/yankee/tello_ws/build/tello_controller', 'catkin_cmake_args': None, 'catkin_skip_building_tests': False, 'cmake_args': None, 'cmake_clean_cache': False, 'cmake_clean_first': False, 'cmake_force_configure': False, 'cmake_target': None, 'cmake_target_skip_unavailable': False, 'install_base': '/home/yankee/tello_ws/install/tello_controller', 'merge_install': False, 'path': '/home/yankee/tello_ws/src/tello_controller', 'symlink_install': True, 'test_result_base': None}
[0.519s] Level 5:colcon.colcon_core.verb:set package 'tello_description' build argument 'cmake_args' from command line to 'None'
[0.519s] Level 5:colcon.colcon_core.verb:set package 'tello_description' build argument 'cmake_target' from command line to 'None'
[0.519s] Level 5:colcon.colcon_core.verb:set package 'tello_description' build argument 'cmake_target_skip_unavailable' from command line to 'False'
[0.519s] Level 5:colcon.colcon_core.verb:set package 'tello_description' build argument 'cmake_clean_cache' from command line to 'False'
[0.519s] Level 5:colcon.colcon_core.verb:set package 'tello_description' build argument 'cmake_clean_first' from command line to 'False'
[0.519s] Level 5:colcon.colcon_core.verb:set package 'tello_description' build argument 'cmake_force_configure' from command line to 'False'
[0.519s] Level 5:colcon.colcon_core.verb:set package 'tello_description' build argument 'ament_cmake_args' from command line to 'None'
[0.519s] Level 5:colcon.colcon_core.verb:set package 'tello_description' build argument 'catkin_cmake_args' from command line to 'None'
[0.519s] Level 5:colcon.colcon_core.verb:set package 'tello_description' build argument 'catkin_skip_building_tests' from command line to 'False'
[0.520s] DEBUG:colcon.colcon_core.verb:Building package 'tello_description' with the following arguments: {'ament_cmake_args': None, 'build_base': '/home/yankee/tello_ws/build/tello_description', 'catkin_cmake_args': None, 'catkin_skip_building_tests': False, 'cmake_args': None, 'cmake_clean_cache': False, 'cmake_clean_first': False, 'cmake_force_configure': False, 'cmake_target': None, 'cmake_target_skip_unavailable': False, 'install_base': '/home/yankee/tello_ws/install/tello_description', 'merge_install': False, 'path': '/home/yankee/tello_ws/src/tello_description', 'symlink_install': True, 'test_result_base': None}
[0.520s] INFO:colcon.colcon_core.executor:Executing jobs using 'parallel' executor
[0.521s] DEBUG:colcon.colcon_parallel_executor.executor.parallel:run_until_complete
[0.521s] INFO:colcon.colcon_ros.task.ament_python.build:Building ROS package in '/home/yankee/tello_ws/src/tello_controller' with build type 'ament_python'
[0.521s] Level 1:colcon.colcon_core.shell:create_environment_hook('tello_controller', 'ament_prefix_path')
[0.524s] INFO:colcon.colcon_core.plugin_system:Skipping extension 'colcon_core.shell.bat': Not used on non-Windows systems
[0.524s] INFO:colcon.colcon_core.shell:Creating environment hook '/home/yankee/tello_ws/install/tello_controller/share/tello_controller/hook/ament_prefix_path.ps1'
[0.525s] INFO:colcon.colcon_core.shell:Creating environment descriptor '/home/yankee/tello_ws/install/tello_controller/share/tello_controller/hook/ament_prefix_path.dsv'
[0.525s] INFO:colcon.colcon_core.shell:Creating environment hook '/home/yankee/tello_ws/install/tello_controller/share/tello_controller/hook/ament_prefix_path.sh'
[0.526s] INFO:colcon.colcon_core.shell:Skip shell extension 'powershell' for command environment: Not usable outside of PowerShell
[0.526s] DEBUG:colcon.colcon_core.shell:Skip shell extension 'dsv' for command environment
[0.534s] INFO:colcon.colcon_ros.task.ament_python.build:Building ROS package in '/home/yankee/tello_ws/src/tello_description' with build type 'ament_python'
[0.534s] Level 1:colcon.colcon_core.shell:create_environment_hook('tello_description', 'ament_prefix_path')
[0.535s] INFO:colcon.colcon_core.shell:Creating environment hook '/home/yankee/tello_ws/install/tello_description/share/tello_description/hook/ament_prefix_path.ps1'
[0.536s] INFO:colcon.colcon_core.shell:Creating environment descriptor '/home/yankee/tello_ws/install/tello_description/share/tello_description/hook/ament_prefix_path.dsv'
[0.537s] INFO:colcon.colcon_core.shell:Creating environment hook '/home/yankee/tello_ws/install/tello_description/share/tello_description/hook/ament_prefix_path.sh'
[0.538s] INFO:colcon.colcon_core.shell:Skip shell extension 'powershell' for command environment: Not usable outside of PowerShell
[0.539s] DEBUG:colcon.colcon_core.shell:Skip shell extension 'dsv' for command environment
[0.822s] INFO:colcon.colcon_core.task.python.build:Building Python package in '/home/yankee/tello_ws/src/tello_controller'
[0.824s] INFO:colcon.colcon_core.shell:Skip shell extension 'powershell' for command environment: Not usable outside of PowerShell
[0.824s] DEBUG:colcon.colcon_core.shell:Skip shell extension 'dsv' for command environment
[1.100s] INFO:colcon.colcon_core.task.python.build:Building Python package in '/home/yankee/tello_ws/src/tello_description'
[1.102s] INFO:colcon.colcon_core.shell:Skip shell extension 'powershell' for command environment: Not usable outside of PowerShell
[1.102s] DEBUG:colcon.colcon_core.shell:Skip shell extension 'dsv' for command environment
[1.631s] DEBUG:colcon.colcon_core.event_handler.log_command:Invoking command in '/home/yankee/tello_ws/build/tello_description': PYTHONPATH=/home/yankee/tello_ws/build/tello_description/prefix_override:/usr/lib/python3/dist-packages/colcon_core/task/python/colcon_distutils_commands:/home/yankee/tello_ws/install/tello_description/lib/python3.8/site-packages:${PYTHONPATH} /usr/bin/python3 -W ignore:setup.py install is deprecated -W ignore:easy_install command is deprecated setup.py develop --editable --build-directory /home/yankee/tello_ws/build/tello_description/build --no-deps symlink_data
[1.638s] DEBUG:colcon.colcon_core.event_handler.log_command:Invoking command in '/home/yankee/tello_ws/build/tello_controller': PYTHONPATH=/home/yankee/tello_ws/build/tello_controller/prefix_override:/usr/lib/python3/dist-packages/colcon_core/task/python/colcon_distutils_commands:/home/yankee/tello_ws/install/tello_controller/lib/python3.8/site-packages:${PYTHONPATH} /usr/bin/python3 -W ignore:setup.py install is deprecated -W ignore:easy_install command is deprecated setup.py develop --editable --build-directory /home/yankee/tello_ws/build/tello_controller/build --no-deps symlink_data
[2.220s] Level 1:colcon.colcon_core.shell:create_environment_hook('tello_description', 'pythonpath_develop')
[2.221s] INFO:colcon.colcon_core.shell:Creating environment hook '/home/yankee/tello_ws/build/tello_description/share/tello_description/hook/pythonpath_develop.ps1'
[2.222s] DEBUG:colcon.colcon_core.event_handler.log_command:Invoked command in '/home/yankee/tello_ws/build/tello_description' returned '0': PYTHONPATH=/home/yankee/tello_ws/build/tello_description/prefix_override:/usr/lib/python3/dist-packages/colcon_core/task/python/colcon_distutils_commands:/home/yankee/tello_ws/install/tello_description/lib/python3.8/site-packages:${PYTHONPATH} /usr/bin/python3 -W ignore:setup.py install is deprecated -W ignore:easy_install command is deprecated setup.py develop --editable --build-directory /home/yankee/tello_ws/build/tello_description/build --no-deps symlink_data
[2.223s] INFO:colcon.colcon_core.shell:Creating environment descriptor '/home/yankee/tello_ws/build/tello_description/share/tello_description/hook/pythonpath_develop.dsv'
[2.224s] INFO:colcon.colcon_core.shell:Creating environment hook '/home/yankee/tello_ws/build/tello_description/share/tello_description/hook/pythonpath_develop.sh'
[2.231s] Level 1:colcon.colcon_core.environment:checking '/home/yankee/tello_ws/install/tello_description' for CMake module files
[2.232s] Level 1:colcon.colcon_core.environment:checking '/home/yankee/tello_ws/install/tello_description' for CMake config files
[2.234s] Level 1:colcon.colcon_core.environment:checking '/home/yankee/tello_ws/install/tello_description/lib'
[2.235s] Level 1:colcon.colcon_core.environment:checking '/home/yankee/tello_ws/install/tello_description/bin'
[2.235s] Level 1:colcon.colcon_core.environment:checking '/home/yankee/tello_ws/install/tello_description/lib/pkgconfig/tello_description.pc'
[2.235s] Level 1:colcon.colcon_core.environment:checking '/home/yankee/tello_ws/install/tello_description/lib/python3.8/site-packages'
[2.236s] Level 1:colcon.colcon_core.shell:create_environment_hook('tello_description', 'pythonpath')
[2.236s] INFO:colcon.colcon_core.shell:Creating environment hook '/home/yankee/tello_ws/install/tello_description/share/tello_description/hook/pythonpath.ps1'
[2.237s] INFO:colcon.colcon_core.shell:Creating environment descriptor '/home/yankee/tello_ws/install/tello_description/share/tello_description/hook/pythonpath.dsv'
[2.238s] INFO:colcon.colcon_core.shell:Creating environment hook '/home/yankee/tello_ws/install/tello_description/share/tello_description/hook/pythonpath.sh'
[2.239s] Level 1:colcon.colcon_core.environment:checking '/home/yankee/tello_ws/install/tello_description/bin'
[2.239s] Level 1:colcon.colcon_core.environment:create_environment_scripts_only(tello_description)
[2.240s] INFO:colcon.colcon_core.shell:Creating package script '/home/yankee/tello_ws/install/tello_description/share/tello_description/package.ps1'
[2.241s] INFO:colcon.colcon_core.shell:Creating package descriptor '/home/yankee/tello_ws/install/tello_description/share/tello_description/package.dsv'
[2.242s] INFO:colcon.colcon_core.shell:Creating package script '/home/yankee/tello_ws/install/tello_description/share/tello_description/package.sh'
[2.242s] INFO:colcon.colcon_core.shell:Creating package script '/home/yankee/tello_ws/install/tello_description/share/tello_description/package.bash'
[2.243s] INFO:colcon.colcon_core.shell:Creating package script '/home/yankee/tello_ws/install/tello_description/share/tello_description/package.zsh'
[2.244s] Level 1:colcon.colcon_core.environment:create_file_with_runtime_dependencies(/home/yankee/tello_ws/install/tello_description/share/colcon-core/packages/tello_description)
[2.245s] Level 1:colcon.colcon_core.shell:create_environment_hook('tello_controller', 'pythonpath_develop')
[2.246s] INFO:colcon.colcon_core.shell:Creating environment hook '/home/yankee/tello_ws/build/tello_controller/share/tello_controller/hook/pythonpath_develop.ps1'
[2.247s] DEBUG:colcon.colcon_core.event_handler.log_command:Invoked command in '/home/yankee/tello_ws/build/tello_controller' returned '0': PYTHONPATH=/home/yankee/tello_ws/build/tello_controller/prefix_override:/usr/lib/python3/dist-packages/colcon_core/task/python/colcon_distutils_commands:/home/yankee/tello_ws/install/tello_controller/lib/python3.8/site-packages:${PYTHONPATH} /usr/bin/python3 -W ignore:setup.py install is deprecated -W ignore:easy_install command is deprecated setup.py develop --editable --build-directory /home/yankee/tello_ws/build/tello_controller/build --no-deps symlink_data
[2.247s] INFO:colcon.colcon_core.shell:Creating environment descriptor '/home/yankee/tello_ws/build/tello_controller/share/tello_controller/hook/pythonpath_develop.dsv'
[2.248s] INFO:colcon.colcon_core.shell:Creating environment hook '/home/yankee/tello_ws/build/tello_controller/share/tello_controller/hook/pythonpath_develop.sh'
[2.248s] Level 1:colcon.colcon_core.environment:checking '/home/yankee/tello_ws/install/tello_controller' for CMake module files
[2.249s] Level 1:colcon.colcon_core.environment:checking '/home/yankee/tello_ws/install/tello_controller' for CMake config files
[2.249s] Level 1:colcon.colcon_core.environment:checking '/home/yankee/tello_ws/install/tello_controller/lib'
[2.249s] Level 1:colcon.colcon_core.environment:checking '/home/yankee/tello_ws/install/tello_controller/bin'
[2.249s] Level 1:colcon.colcon_core.environment:checking '/home/yankee/tello_ws/install/tello_controller/lib/pkgconfig/tello_controller.pc'
[2.249s] Level 1:colcon.colcon_core.environment:checking '/home/yankee/tello_ws/install/tello_controller/lib/python3.8/site-packages'
[2.249s] Level 1:colcon.colcon_core.shell:create_environment_hook('tello_controller', 'pythonpath')
[2.250s] INFO:colcon.colcon_core.shell:Creating environment hook '/home/yankee/tello_ws/install/tello_controller/share/tello_controller/hook/pythonpath.ps1'
[2.250s] INFO:colcon.colcon_core.shell:Creating environment descriptor '/home/yankee/tello_ws/install/tello_controller/share/tello_controller/hook/pythonpath.dsv'
[2.250s] INFO:colcon.colcon_core.shell:Creating environment hook '/home/yankee/tello_ws/install/tello_controller/share/tello_controller/hook/pythonpath.sh'
[2.251s] Level 1:colcon.colcon_core.environment:checking '/home/yankee/tello_ws/install/tello_controller/bin'
[2.251s] Level 1:colcon.colcon_core.environment:create_environment_scripts_only(tello_controller)
[2.251s] INFO:colcon.colcon_core.shell:Creating package script '/home/yankee/tello_ws/install/tello_controller/share/tello_controller/package.ps1'
[2.252s] INFO:colcon.colcon_core.shell:Creating package descriptor '/home/yankee/tello_ws/install/tello_controller/share/tello_controller/package.dsv'
[2.252s] INFO:colcon.colcon_core.shell:Creating package script '/home/yankee/tello_ws/install/tello_controller/share/tello_controller/package.sh'
[2.252s] INFO:colcon.colcon_core.shell:Creating package script '/home/yankee/tello_ws/install/tello_controller/share/tello_controller/package.bash'
[2.253s] INFO:colcon.colcon_core.shell:Creating package script '/home/yankee/tello_ws/install/tello_controller/share/tello_controller/package.zsh'
[2.253s] Level 1:colcon.colcon_core.environment:create_file_with_runtime_dependencies(/home/yankee/tello_ws/install/tello_controller/share/colcon-core/packages/tello_controller)
[2.253s] DEBUG:colcon.colcon_parallel_executor.executor.parallel:closing loop
[2.254s] DEBUG:colcon.colcon_parallel_executor.executor.parallel:loop closed
[2.254s] DEBUG:colcon.colcon_parallel_executor.executor.parallel:run_until_complete finished with '0'
[2.254s] DEBUG:colcon.colcon_core.event_reactor:joining thread
[2.266s] INFO:colcon.colcon_core.plugin_system:Skipping extension 'colcon_notification.desktop_notification.terminal_notifier': Not used on non-Darwin systems
[2.266s] INFO:colcon.colcon_core.plugin_system:Skipping extension 'colcon_notification.desktop_notification.win32': Not used on non-Windows systems
[2.266s] INFO:colcon.colcon_notification.desktop_notification:Sending desktop notification using 'notify2'
[2.291s] DEBUG:colcon.colcon_core.event_reactor:joined thread
[2.292s] INFO:colcon.colcon_core.shell:Creating prefix script '/home/yankee/tello_ws/install/local_setup.ps1'
[2.294s] INFO:colcon.colcon_core.shell:Creating prefix util module '/home/yankee/tello_ws/install/_local_setup_util_ps1.py'
[2.298s] INFO:colcon.colcon_core.shell:Creating prefix chain script '/home/yankee/tello_ws/install/setup.ps1'
[2.301s] INFO:colcon.colcon_core.shell:Creating prefix script '/home/yankee/tello_ws/install/local_setup.sh'
[2.301s] INFO:colcon.colcon_core.shell:Creating prefix util module '/home/yankee/tello_ws/install/_local_setup_util_sh.py'
[2.302s] INFO:colcon.colcon_core.shell:Creating prefix chain script '/home/yankee/tello_ws/install/setup.sh'
[2.303s] INFO:colcon.colcon_core.shell:Creating prefix script '/home/yankee/tello_ws/install/local_setup.bash'
[2.304s] INFO:colcon.colcon_core.shell:Creating prefix chain script '/home/yankee/tello_ws/install/setup.bash'
[2.305s] INFO:colcon.colcon_core.shell:Creating prefix script '/home/yankee/tello_ws/install/local_setup.zsh'
[2.305s] INFO:colcon.colcon_core.shell:Creating prefix chain script '/home/yankee/tello_ws/install/setup.zsh'
