running develop
running egg_info
creating tello_controller.egg-info
writing tello_controller.egg-info/PKG-INFO
writing dependency_links to tello_controller.egg-info/dependency_links.txt
writing entry points to tello_controller.egg-info/entry_points.txt
writing requirements to tello_controller.egg-info/requires.txt
writing top-level names to tello_controller.egg-info/top_level.txt
writing manifest file 'tello_controller.egg-info/SOURCES.txt'
reading manifest file 'tello_controller.egg-info/SOURCES.txt'
writing manifest file 'tello_controller.egg-info/SOURCES.txt'
running build_ext
Creating /home/yankee/tello_ws/install/tello_controller/lib/python3.8/site-packages/site.py
Creating /home/yankee/tello_ws/install/tello_controller/lib/python3.8/site-packages/tello-controller.egg-link (link to .)
Installing controller script to /home/yankee/tello_ws/install/tello_controller/lib/tello_controller

Installed /home/yankee/tello_ws/build/tello_controller
running symlink_data
creating /home/yankee/tello_ws/install/tello_controller/share/ament_index
creating /home/yankee/tello_ws/install/tello_controller/share/ament_index/resource_index
creating /home/yankee/tello_ws/install/tello_controller/share/ament_index/resource_index/packages
symbolically linking /home/yankee/tello_ws/build/tello_controller/resource/tello_controller -> /home/yankee/tello_ws/install/tello_controller/share/ament_index/resource_index/packages
symbolically linking /home/yankee/tello_ws/build/tello_controller/package.xml -> /home/yankee/tello_ws/install/tello_controller/share/tello_controller
