[1.116s] Invoking command in '/home/yankee/tello_ws/build/tello_controller': PYTHONPATH=/home/yankee/tello_ws/build/tello_controller/prefix_override:/usr/lib/python3/dist-packages/colcon_core/task/python/colcon_distutils_commands:/home/yankee/tello_ws/install/tello_controller/lib/python3.8/site-packages:${PYTHONPATH} /usr/bin/python3 -W ignore:setup.py install is deprecated -W ignore:easy_install command is deprecated setup.py develop --editable --build-directory /home/yankee/tello_ws/build/tello_controller/build --no-deps symlink_data
[1.419s] running develop
[1.581s] running egg_info
[1.581s] creating tello_controller.egg-info
[1.582s] writing tello_controller.egg-info/PKG-INFO
[1.582s] writing dependency_links to tello_controller.egg-info/dependency_links.txt
[1.582s] writing entry points to tello_controller.egg-info/entry_points.txt
[1.582s] writing requirements to tello_controller.egg-info/requires.txt
[1.582s] writing top-level names to tello_controller.egg-info/top_level.txt
[1.583s] writing manifest file 'tello_controller.egg-info/SOURCES.txt'
[1.618s] reading manifest file 'tello_controller.egg-info/SOURCES.txt'
[1.619s] writing manifest file 'tello_controller.egg-info/SOURCES.txt'
[1.661s] running build_ext
[1.662s] Creating /home/yankee/tello_ws/install/tello_controller/lib/python3.8/site-packages/site.py
[1.664s] Creating /home/yankee/tello_ws/install/tello_controller/lib/python3.8/site-packages/tello-controller.egg-link (link to .)
[1.665s] Installing controller script to /home/yankee/tello_ws/install/tello_controller/lib/tello_controller
[1.665s] 
[1.666s] Installed /home/yankee/tello_ws/build/tello_controller
[1.666s] running symlink_data
[1.666s] creating /home/yankee/tello_ws/install/tello_controller/share/ament_index
[1.666s] creating /home/yankee/tello_ws/install/tello_controller/share/ament_index/resource_index
[1.667s] creating /home/yankee/tello_ws/install/tello_controller/share/ament_index/resource_index/packages
[1.667s] symbolically linking /home/yankee/tello_ws/build/tello_controller/resource/tello_controller -> /home/yankee/tello_ws/install/tello_controller/share/ament_index/resource_index/packages
[1.667s] symbolically linking /home/yankee/tello_ws/build/tello_controller/package.xml -> /home/yankee/tello_ws/install/tello_controller/share/tello_controller
[1.725s] Invoked command in '/home/yankee/tello_ws/build/tello_controller' returned '0': PYTHONPATH=/home/yankee/tello_ws/build/tello_controller/prefix_override:/usr/lib/python3/dist-packages/colcon_core/task/python/colcon_distutils_commands:/home/yankee/tello_ws/install/tello_controller/lib/python3.8/site-packages:${PYTHONPATH} /usr/bin/python3 -W ignore:setup.py install is deprecated -W ignore:easy_install command is deprecated setup.py develop --editable --build-directory /home/yankee/tello_ws/build/tello_controller/build --no-deps symlink_data
